[ 2023-02-15 17:49:37,867 ] 16 root - INFO - >>>>>>>>>>>>>>>>>>>>>>>>>>>>>>>>>>>>>>>> Data Ingestion <<<<<<<<<<<<<<<<<<<<<<<<<<<<<<<<<<<<<<<<
[ 2023-02-15 17:49:37,867 ] 23 root - INFO - Exporting collection data as pandas dataframe
[ 2023-02-15 17:49:37,867 ] 21 root - INFO - Reading data from database: ThyroidF and collection: Thyroid Project
[ 2023-02-15 17:49:38,424 ] 23 root - INFO - Found columns: Index(['_id', '29', 'F', 'f', 'f.1', 'f.2', 'f.3', 'f.4', 'f.5', 'f.6', 't',
       'f.7', 'f.8', 'f.9', 'f.10', 'f.11', 'f.12', 't.1', '0.3', 'f.13', '?',
       'f.14', '?.1', 'f.15', '?.2', 'f.16', '?.3', 'f.17', '?.4', 'other',
       '-[840801013]'],
      dtype='object')
[ 2023-02-15 17:49:38,425 ] 25 root - INFO - Dropping column: _id 
[ 2023-02-15 17:49:38,436 ] 27 root - INFO - Row and columns in df: (18342, 30)
[ 2023-02-15 17:49:38,436 ] 30 root - INFO - collected the data with no column name
[ 2023-02-15 17:49:38,436 ] 33 root - INFO - column 'other' is of no use so just dropping it
[ 2023-02-15 17:49:38,445 ] 36 root - INFO - adding column names
[ 2023-02-15 17:49:38,445 ] 40 root - INFO - getting splitted val of Target column
[ 2023-02-15 17:49:38,512 ] 50 root - INFO - dropping featuree that are not useful 
[ 2023-02-15 17:49:38,522 ] 57 root - INFO - Saving df to dataset folder
[ 2023-02-15 17:49:38,633 ] 87 root - INFO - Data ingestion artifact: DataIngestionArtifact(dataset_file_path='/config/workspace/artifact/02152023__174937/data_ingestion/dataset/thyroiddataset.csv')
[ 2023-02-15 17:49:38,634 ] 22 root - INFO - >>>>>>>>>>>>>>>>>>>>>>>>>>>>>>>>>>>>>>>> Data Validation <<<<<<<<<<<<<<<<<<<<<<<<<<<<<<<<<<<<<<<<
[ 2023-02-15 17:49:38,634 ] 110 root - INFO - Reading base dataframe
[ 2023-02-15 17:49:38,710 ] 113 root - INFO - Replace na value in base df
[ 2023-02-15 17:49:38,710 ] 115 root - INFO - Drop null values colums from base df
[ 2023-02-15 17:49:38,749 ] 44 root - INFO - selecting column name which contains null above to 0.2
[ 2023-02-15 17:49:38,749 ] 47 root - INFO - Columns to drop: ['T3', 'TBG']
[ 2023-02-15 17:49:38,752 ] 118 root - INFO - Reading dataframe
[ 2023-02-15 17:49:38,767 ] 122 root - INFO - Drop null values colums df
[ 2023-02-15 17:49:38,789 ] 44 root - INFO - selecting column name which contains null above to 0.2
[ 2023-02-15 17:49:38,790 ] 47 root - INFO - Columns to drop: ['T3']
[ 2023-02-15 17:49:38,792 ] 132 root - INFO - Is all required columns present in df
[ 2023-02-15 17:49:38,792 ] 67 root - INFO - Column: [TSH measured is not available.]
[ 2023-02-15 17:49:38,792 ] 67 root - INFO - Column: [T3_measured is not available.]
[ 2023-02-15 17:49:38,792 ] 67 root - INFO - Column: [TT4_measured is not available.]
[ 2023-02-15 17:49:38,792 ] 67 root - INFO - Column: [T4U_measured is not available.]
[ 2023-02-15 17:49:38,792 ] 67 root - INFO - Column: [FTI_measured is not available.]
[ 2023-02-15 17:49:38,792 ] 67 root - INFO - Column: [TBG_measured is not available.]
[ 2023-02-15 17:49:38,792 ] 141 root - INFO - Write reprt in yaml file
[ 2023-02-15 17:49:38,794 ] 146 root - INFO - Data validation artifact: DataValidationArtifact(report_file_path='/config/workspace/artifact/02152023__174937/data_validation/report.yaml')
