[ 2023-03-18 04:40:05,530 ] 16 root - INFO - >>>>>>>>>>>>>>>>>>>>>>>>>>>>>>>>>>>>>>>> Data Ingestion <<<<<<<<<<<<<<<<<<<<<<<<<<<<<<<<<<<<<<<<
[ 2023-03-18 04:40:05,531 ] 23 root - INFO - Exporting collection data as pandas dataframe
[ 2023-03-18 04:40:05,531 ] 21 root - INFO - Reading data from database: ThyroidF and collection: Thyroid Project
[ 2023-03-18 04:40:06,098 ] 23 root - INFO - Found columns: Index(['_id', '29', 'F', 'f', 'f.1', 'f.2', 'f.3', 'f.4', 'f.5', 'f.6', 't',
       'f.7', 'f.8', 'f.9', 'f.10', 'f.11', 'f.12', 't.1', '0.3', 'f.13', '?',
       'f.14', '?.1', 'f.15', '?.2', 'f.16', '?.3', 'f.17', '?.4', 'other',
       '-[840801013]'],
      dtype='object')
[ 2023-03-18 04:40:06,099 ] 25 root - INFO - Dropping column: _id 
[ 2023-03-18 04:40:06,110 ] 27 root - INFO - Row and columns in df: (18342, 30)
[ 2023-03-18 04:40:06,110 ] 30 root - INFO - collected the data with no column name
[ 2023-03-18 04:40:06,110 ] 33 root - INFO - column 'other' is of no use so just dropping it
[ 2023-03-18 04:40:06,119 ] 36 root - INFO - adding column names
[ 2023-03-18 04:40:06,120 ] 40 root - INFO - getting splitted val of Target column
[ 2023-03-18 04:40:06,187 ] 50 root - INFO - dropping featuree that are not useful 
[ 2023-03-18 04:40:06,196 ] 57 root - INFO - Saving df to dataset folder
[ 2023-03-18 04:40:06,303 ] 87 root - INFO - Data ingestion artifact: DataIngestionArtifact(dataset_file_path='/config/workspace/artifact/03182023__044005/data_ingestion/dataset/thyroiddataset.csv')
[ 2023-03-18 04:40:06,304 ] 22 root - INFO - >>>>>>>>>>>>>>>>>>>>>>>>>>>>>>>>>>>>>>>> Data Validation <<<<<<<<<<<<<<<<<<<<<<<<<<<<<<<<<<<<<<<<
[ 2023-03-18 04:40:06,304 ] 62 root - INFO - Reading base dataframe
[ 2023-03-18 04:40:06,380 ] 65 root - INFO - Replace na value in base df
[ 2023-03-18 04:40:06,380 ] 70 root - INFO - Reading dataframe
[ 2023-03-18 04:40:06,395 ] 90 root - INFO - Splitting test and train and saving to datasplit folder
[ 2023-03-18 04:40:06,396 ] 96 root - INFO - Write reprt in yaml file
[ 2023-03-18 04:40:06,470 ] 106 root - INFO - Data validation artifact: DataValidationArtifact(report_file_path='/config/workspace/artifact/03182023__044005/data_validation/report.yaml', train_file_path='/config/workspace/artifact/03182023__044005/data_validation/datasetsplit/train.csv', test_file_path='/config/workspace/artifact/03182023__044005/data_validation/datasetsplit/test.csv')
[ 2023-03-18 04:40:06,472 ] 29 root - INFO - >>>>>>>>>>>>>>>>>>>>>>>>>>>>>>>>>>>>>>>> Data Transformation <<<<<<<<<<<<<<<<<<<<<<<<<<<<<<<<<<<<<<<<
[ 2023-03-18 04:40:08,211 ] 48 root - INFO - Entered the save_object method of utils
[ 2023-03-18 04:40:08,216 ] 52 root - INFO - Exited the save_object method of utils
[ 2023-03-18 04:40:08,216 ] 48 root - INFO - Entered the save_object method of utils
[ 2023-03-18 04:40:08,217 ] 52 root - INFO - Exited the save_object method of utils
[ 2023-03-18 04:40:08,217 ] 143 root - INFO - Data transformation object DataTransformationArtifact(transform_object_path='/config/workspace/artifact/03182023__044005/data_transformation/transformer/transformer.pkl', transformed_train_path='/config/workspace/artifact/03182023__044005/data_transformation/transformed/train.npz', transformed_test_path='/config/workspace/artifact/03182023__044005/data_transformation/transformed/test.npz', target_encoder_path='/config/workspace/artifact/03182023__044005/data_transformation/target_encoder/target_encoder.pkl')
