[ 2023-03-18 19:36:46,490 ] 16 root - INFO - >>>>>>>>>>>>>>>>>>>>>>>>>>>>>>>>>>>>>>>> Data Ingestion <<<<<<<<<<<<<<<<<<<<<<<<<<<<<<<<<<<<<<<<
[ 2023-03-18 19:36:46,491 ] 23 root - INFO - Exporting collection data as pandas dataframe
[ 2023-03-18 19:36:46,491 ] 21 root - INFO - Reading data from database: ThyroidF and collection: Thyroid Project
[ 2023-03-18 19:36:47,476 ] 23 root - INFO - Found columns: Index(['_id', '29', 'F', 'f', 'f.1', 'f.2', 'f.3', 'f.4', 'f.5', 'f.6', 't',
       'f.7', 'f.8', 'f.9', 'f.10', 'f.11', 'f.12', 't.1', '0.3', 'f.13', '?',
       'f.14', '?.1', 'f.15', '?.2', 'f.16', '?.3', 'f.17', '?.4', 'other',
       '-[840801013]'],
      dtype='object')
[ 2023-03-18 19:36:47,477 ] 25 root - INFO - Dropping column: _id 
[ 2023-03-18 19:36:47,512 ] 27 root - INFO - Row and columns in df: (18342, 30)
[ 2023-03-18 19:36:47,512 ] 30 root - INFO - collected the data with no column name
[ 2023-03-18 19:36:47,512 ] 33 root - INFO - column 'other' is of no use so just dropping it
[ 2023-03-18 19:36:47,539 ] 36 root - INFO - adding column names
[ 2023-03-18 19:36:47,540 ] 40 root - INFO - getting splitted val of Target column
[ 2023-03-18 19:36:47,737 ] 50 root - INFO - dropping featuree that are not useful 
[ 2023-03-18 19:36:47,762 ] 57 root - INFO - Saving df to dataset folder
[ 2023-03-18 19:36:48,033 ] 87 root - INFO - Data ingestion artifact: DataIngestionArtifact(dataset_file_path='/config/workspace/artifact/03182023__193646/data_ingestion/dataset/thyroiddataset.csv')
[ 2023-03-18 19:36:48,037 ] 22 root - INFO - >>>>>>>>>>>>>>>>>>>>>>>>>>>>>>>>>>>>>>>> Data Validation <<<<<<<<<<<<<<<<<<<<<<<<<<<<<<<<<<<<<<<<
[ 2023-03-18 19:36:48,037 ] 62 root - INFO - Reading base dataframe
[ 2023-03-18 19:36:48,194 ] 65 root - INFO - Replace na value in base df
[ 2023-03-18 19:36:48,194 ] 70 root - INFO - Reading dataframe
[ 2023-03-18 19:36:48,236 ] 90 root - INFO - Splitting test and train and saving to datasplit folder
[ 2023-03-18 19:36:48,237 ] 96 root - INFO - Write reprt in yaml file
[ 2023-03-18 19:36:48,400 ] 106 root - INFO - Data validation artifact: DataValidationArtifact(report_file_path='/config/workspace/artifact/03182023__193646/data_validation/report.yaml', train_file_path='/config/workspace/artifact/03182023__193646/data_validation/datasetsplit/train.csv', test_file_path='/config/workspace/artifact/03182023__193646/data_validation/datasetsplit/test.csv')
[ 2023-03-18 19:36:48,404 ] 29 root - INFO - >>>>>>>>>>>>>>>>>>>>>>>>>>>>>>>>>>>>>>>> Data Transformation <<<<<<<<<<<<<<<<<<<<<<<<<<<<<<<<<<<<<<<<
[ 2023-03-18 19:36:55,253 ] 48 root - INFO - Entered the save_object method of utils
[ 2023-03-18 19:36:55,269 ] 52 root - INFO - Exited the save_object method of utils
[ 2023-03-18 19:36:55,270 ] 48 root - INFO - Entered the save_object method of utils
[ 2023-03-18 19:36:55,272 ] 52 root - INFO - Exited the save_object method of utils
[ 2023-03-18 19:36:55,273 ] 149 root - INFO - Data transformation object DataTransformationArtifact(transform_object_path='/config/workspace/artifact/03182023__193646/data_transformation/transformer/transformer.pkl', transformed_train_path='/config/workspace/artifact/03182023__193646/data_transformation/transformed/train.npz', transformed_test_path='/config/workspace/artifact/03182023__193646/data_transformation/transformed/test.npz', target_encoder_path='/config/workspace/artifact/03182023__193646/data_transformation/target_encoder/target_encoder.pkl')
[ 2023-03-18 19:36:55,275 ] 19 root - INFO - >>>>>>>>>>>>>>>>>>>>>>>>>>>>>>>>>>>>>>>> Model Trainer <<<<<<<<<<<<<<<<<<<<<<<<<<<<<<<<<<<<<<<<
[ 2023-03-18 19:36:55,276 ] 46 root - INFO - Loading train and test array.
[ 2023-03-18 19:36:55,288 ] 50 root - INFO - Splitting input and target feature from both train and test arr.
[ 2023-03-18 19:36:55,289 ] 54 root - INFO - Train the model
[ 2023-03-18 19:36:55,330 ] 57 root - INFO - Calculating f1 train score
[ 2023-03-18 19:36:55,339 ] 61 root - INFO - Calculating f1 test score
[ 2023-03-18 19:36:55,342 ] 65 root - INFO - train score:0.88447752963882 and tests score 0.8748621830209482
[ 2023-03-18 19:36:55,343 ] 67 root - INFO - Checking if our model is underfitting or not
[ 2023-03-18 19:36:55,343 ] 72 root - INFO - Checking if our model is overfiiting or not
[ 2023-03-18 19:36:55,343 ] 79 root - INFO - Saving mode object
[ 2023-03-18 19:36:55,343 ] 48 root - INFO - Entered the save_object method of utils
[ 2023-03-18 19:36:55,347 ] 52 root - INFO - Exited the save_object method of utils
[ 2023-03-18 19:36:55,347 ] 83 root - INFO - Prepare the artifact
[ 2023-03-18 19:36:55,347 ] 86 root - INFO - Model trainer artifact: ModelTrainerArtifact(model_path='/config/workspace/artifact/03182023__193646/model_trainer/model/model.pkl', accuracy_train=0.88447752963882, accuracy_test=0.8748621830209482)
[ 2023-03-18 19:36:55,348 ] 20 root - INFO - >>>>>>>>>>>>>>>>>>>>>>>>>>>>>>>>>>>>>>>>  Model Evaluation <<<<<<<<<<<<<<<<<<<<<<<<<<<<<<<<<<<<<<<<
[ 2023-03-18 19:36:55,348 ] 36 root - INFO - if saved model folder has model the we will compare which model is best trained or the model from saved model folder
[ 2023-03-18 19:36:55,348 ] 42 root - INFO - Model evaluation artifact: ModelEvaluationArtifact(is_model_accepted=True, improved_accuracy=None)
[ 2023-03-18 19:36:55,348 ] 14 root - INFO - >>>>>>>>>>>>>>>>>>>>>>>>>>>>>>>>>>>>>>>> Data pusher <<<<<<<<<<<<<<<<<<<<<<<<<<<<<<<<<<<<<<<<
[ 2023-03-18 19:36:55,349 ] 25 root - INFO - Loading transformer model and target encoder
[ 2023-03-18 19:36:55,351 ] 31 root - INFO - Saving model into model pusher directory
[ 2023-03-18 19:36:55,352 ] 48 root - INFO - Entered the save_object method of utils
[ 2023-03-18 19:36:55,366 ] 52 root - INFO - Exited the save_object method of utils
[ 2023-03-18 19:36:55,366 ] 48 root - INFO - Entered the save_object method of utils
[ 2023-03-18 19:36:55,370 ] 52 root - INFO - Exited the save_object method of utils
[ 2023-03-18 19:36:55,370 ] 48 root - INFO - Entered the save_object method of utils
[ 2023-03-18 19:36:55,372 ] 52 root - INFO - Exited the save_object method of utils
[ 2023-03-18 19:36:55,373 ] 38 root - INFO - Saving model in saved model dir
[ 2023-03-18 19:36:55,373 ] 48 root - INFO - Entered the save_object method of utils
[ 2023-03-18 19:36:55,383 ] 52 root - INFO - Exited the save_object method of utils
[ 2023-03-18 19:36:55,384 ] 48 root - INFO - Entered the save_object method of utils
[ 2023-03-18 19:36:55,388 ] 52 root - INFO - Exited the save_object method of utils
[ 2023-03-18 19:36:55,388 ] 48 root - INFO - Entered the save_object method of utils
[ 2023-03-18 19:36:55,390 ] 52 root - INFO - Exited the save_object method of utils
[ 2023-03-18 19:36:55,391 ] 49 root - INFO - Model pusher artifact: ModelPusherArtifact(pusher_model_dir='/config/workspace/artifact/03182023__193646/model_pusher/saved_models', saved_model_dir='saved_models')
