[ 2023-03-18 04:41:12,161 ] 16 root - INFO - >>>>>>>>>>>>>>>>>>>>>>>>>>>>>>>>>>>>>>>> Data Ingestion <<<<<<<<<<<<<<<<<<<<<<<<<<<<<<<<<<<<<<<<
[ 2023-03-18 04:41:12,161 ] 23 root - INFO - Exporting collection data as pandas dataframe
[ 2023-03-18 04:41:12,161 ] 21 root - INFO - Reading data from database: ThyroidF and collection: Thyroid Project
[ 2023-03-18 04:41:12,731 ] 23 root - INFO - Found columns: Index(['_id', '29', 'F', 'f', 'f.1', 'f.2', 'f.3', 'f.4', 'f.5', 'f.6', 't',
       'f.7', 'f.8', 'f.9', 'f.10', 'f.11', 'f.12', 't.1', '0.3', 'f.13', '?',
       'f.14', '?.1', 'f.15', '?.2', 'f.16', '?.3', 'f.17', '?.4', 'other',
       '-[840801013]'],
      dtype='object')
[ 2023-03-18 04:41:12,731 ] 25 root - INFO - Dropping column: _id 
[ 2023-03-18 04:41:12,743 ] 27 root - INFO - Row and columns in df: (18342, 30)
[ 2023-03-18 04:41:12,743 ] 30 root - INFO - collected the data with no column name
[ 2023-03-18 04:41:12,743 ] 33 root - INFO - column 'other' is of no use so just dropping it
[ 2023-03-18 04:41:12,752 ] 36 root - INFO - adding column names
[ 2023-03-18 04:41:12,752 ] 40 root - INFO - getting splitted val of Target column
[ 2023-03-18 04:41:12,822 ] 50 root - INFO - dropping featuree that are not useful 
[ 2023-03-18 04:41:12,832 ] 57 root - INFO - Saving df to dataset folder
[ 2023-03-18 04:41:12,939 ] 87 root - INFO - Data ingestion artifact: DataIngestionArtifact(dataset_file_path='/config/workspace/artifact/03182023__044112/data_ingestion/dataset/thyroiddataset.csv')
[ 2023-03-18 04:41:12,941 ] 22 root - INFO - >>>>>>>>>>>>>>>>>>>>>>>>>>>>>>>>>>>>>>>> Data Validation <<<<<<<<<<<<<<<<<<<<<<<<<<<<<<<<<<<<<<<<
[ 2023-03-18 04:41:12,941 ] 62 root - INFO - Reading base dataframe
[ 2023-03-18 04:41:13,012 ] 65 root - INFO - Replace na value in base df
[ 2023-03-18 04:41:13,013 ] 70 root - INFO - Reading dataframe
[ 2023-03-18 04:41:13,028 ] 90 root - INFO - Splitting test and train and saving to datasplit folder
[ 2023-03-18 04:41:13,029 ] 96 root - INFO - Write reprt in yaml file
[ 2023-03-18 04:41:13,103 ] 106 root - INFO - Data validation artifact: DataValidationArtifact(report_file_path='/config/workspace/artifact/03182023__044112/data_validation/report.yaml', train_file_path='/config/workspace/artifact/03182023__044112/data_validation/datasetsplit/train.csv', test_file_path='/config/workspace/artifact/03182023__044112/data_validation/datasetsplit/test.csv')
[ 2023-03-18 04:41:13,105 ] 29 root - INFO - >>>>>>>>>>>>>>>>>>>>>>>>>>>>>>>>>>>>>>>> Data Transformation <<<<<<<<<<<<<<<<<<<<<<<<<<<<<<<<<<<<<<<<
[ 2023-03-18 04:41:14,959 ] 48 root - INFO - Entered the save_object method of utils
[ 2023-03-18 04:41:14,965 ] 52 root - INFO - Exited the save_object method of utils
[ 2023-03-18 04:41:14,965 ] 48 root - INFO - Entered the save_object method of utils
[ 2023-03-18 04:41:14,966 ] 52 root - INFO - Exited the save_object method of utils
[ 2023-03-18 04:41:14,966 ] 143 root - INFO - Data transformation object DataTransformationArtifact(transform_object_path='/config/workspace/artifact/03182023__044112/data_transformation/transformer/transformer.pkl', transformed_train_path='/config/workspace/artifact/03182023__044112/data_transformation/transformed/train.npz', transformed_test_path='/config/workspace/artifact/03182023__044112/data_transformation/transformed/test.npz', target_encoder_path='/config/workspace/artifact/03182023__044112/data_transformation/target_encoder/target_encoder.pkl')
[ 2023-03-18 04:41:14,967 ] 19 root - INFO - >>>>>>>>>>>>>>>>>>>>>>>>>>>>>>>>>>>>>>>> Model Trainer <<<<<<<<<<<<<<<<<<<<<<<<<<<<<<<<<<<<<<<<
[ 2023-03-18 04:41:14,967 ] 46 root - INFO - Loading train and test array.
[ 2023-03-18 04:41:14,973 ] 50 root - INFO - Splitting input and target feature from both train and test arr.
[ 2023-03-18 04:41:14,973 ] 54 root - INFO - Train the model
[ 2023-03-18 04:41:14,986 ] 57 root - INFO - Calculating f1 train score
[ 2023-03-18 04:41:14,989 ] 61 root - INFO - Calculating f1 test score
[ 2023-03-18 04:41:14,990 ] 65 root - INFO - train score:0.8336090432864627 and tests score 0.8224917309812569
[ 2023-03-18 04:41:14,990 ] 67 root - INFO - Checking if our model is underfitting or not
[ 2023-03-18 04:41:14,990 ] 72 root - INFO - Checking if our model is overfiiting or not
[ 2023-03-18 04:41:14,990 ] 79 root - INFO - Saving mode object
[ 2023-03-18 04:41:14,990 ] 48 root - INFO - Entered the save_object method of utils
[ 2023-03-18 04:41:14,992 ] 52 root - INFO - Exited the save_object method of utils
[ 2023-03-18 04:41:14,992 ] 83 root - INFO - Prepare the artifact
