[ 2023-03-18 14:07:11,391 ] 16 root - INFO - >>>>>>>>>>>>>>>>>>>>>>>>>>>>>>>>>>>>>>>> Data Ingestion <<<<<<<<<<<<<<<<<<<<<<<<<<<<<<<<<<<<<<<<
[ 2023-03-18 14:07:11,391 ] 23 root - INFO - Exporting collection data as pandas dataframe
[ 2023-03-18 14:07:11,391 ] 21 root - INFO - Reading data from database: ThyroidF and collection: Thyroid Project
[ 2023-03-18 14:07:11,885 ] 23 root - INFO - Found columns: Index(['_id', '29', 'F', 'f', 'f.1', 'f.2', 'f.3', 'f.4', 'f.5', 'f.6', 't',
       'f.7', 'f.8', 'f.9', 'f.10', 'f.11', 'f.12', 't.1', '0.3', 'f.13', '?',
       'f.14', '?.1', 'f.15', '?.2', 'f.16', '?.3', 'f.17', '?.4', 'other',
       '-[840801013]'],
      dtype='object')
[ 2023-03-18 14:07:11,885 ] 25 root - INFO - Dropping column: _id 
[ 2023-03-18 14:07:11,896 ] 27 root - INFO - Row and columns in df: (18342, 30)
[ 2023-03-18 14:07:11,896 ] 30 root - INFO - collected the data with no column name
[ 2023-03-18 14:07:11,896 ] 33 root - INFO - column 'other' is of no use so just dropping it
[ 2023-03-18 14:07:11,905 ] 36 root - INFO - adding column names
[ 2023-03-18 14:07:11,906 ] 40 root - INFO - getting splitted val of Target column
[ 2023-03-18 14:07:11,972 ] 50 root - INFO - dropping featuree that are not useful 
[ 2023-03-18 14:07:11,982 ] 57 root - INFO - Saving df to dataset folder
[ 2023-03-18 14:07:12,090 ] 87 root - INFO - Data ingestion artifact: DataIngestionArtifact(dataset_file_path='/config/workspace/artifact/03182023__140711/data_ingestion/dataset/thyroiddataset.csv')
[ 2023-03-18 14:07:12,091 ] 22 root - INFO - >>>>>>>>>>>>>>>>>>>>>>>>>>>>>>>>>>>>>>>> Data Validation <<<<<<<<<<<<<<<<<<<<<<<<<<<<<<<<<<<<<<<<
[ 2023-03-18 14:07:12,091 ] 62 root - INFO - Reading base dataframe
[ 2023-03-18 14:07:12,162 ] 65 root - INFO - Replace na value in base df
[ 2023-03-18 14:07:12,162 ] 70 root - INFO - Reading dataframe
[ 2023-03-18 14:07:12,178 ] 90 root - INFO - Splitting test and train and saving to datasplit folder
[ 2023-03-18 14:07:12,178 ] 96 root - INFO - Write reprt in yaml file
[ 2023-03-18 14:07:12,261 ] 106 root - INFO - Data validation artifact: DataValidationArtifact(report_file_path='/config/workspace/artifact/03182023__140711/data_validation/report.yaml', train_file_path='/config/workspace/artifact/03182023__140711/data_validation/datasetsplit/train.csv', test_file_path='/config/workspace/artifact/03182023__140711/data_validation/datasetsplit/test.csv')
[ 2023-03-18 14:07:12,264 ] 29 root - INFO - >>>>>>>>>>>>>>>>>>>>>>>>>>>>>>>>>>>>>>>> Data Transformation <<<<<<<<<<<<<<<<<<<<<<<<<<<<<<<<<<<<<<<<
[ 2023-03-18 14:07:14,084 ] 48 root - INFO - Entered the save_object method of utils
[ 2023-03-18 14:07:14,089 ] 52 root - INFO - Exited the save_object method of utils
[ 2023-03-18 14:07:14,089 ] 48 root - INFO - Entered the save_object method of utils
[ 2023-03-18 14:07:14,090 ] 52 root - INFO - Exited the save_object method of utils
[ 2023-03-18 14:07:14,090 ] 143 root - INFO - Data transformation object DataTransformationArtifact(transform_object_path='/config/workspace/artifact/03182023__140711/data_transformation/transformer/transformer.pkl', transformed_train_path='/config/workspace/artifact/03182023__140711/data_transformation/transformed/train.npz', transformed_test_path='/config/workspace/artifact/03182023__140711/data_transformation/transformed/test.npz', target_encoder_path='/config/workspace/artifact/03182023__140711/data_transformation/target_encoder/target_encoder.pkl')
[ 2023-03-18 14:07:14,091 ] 19 root - INFO - >>>>>>>>>>>>>>>>>>>>>>>>>>>>>>>>>>>>>>>> Model Trainer <<<<<<<<<<<<<<<<<<<<<<<<<<<<<<<<<<<<<<<<
[ 2023-03-18 14:07:14,091 ] 46 root - INFO - Loading train and test array.
[ 2023-03-18 14:07:14,097 ] 50 root - INFO - Splitting input and target feature from both train and test arr.
[ 2023-03-18 14:07:14,097 ] 54 root - INFO - Train the model
[ 2023-03-18 14:07:14,114 ] 57 root - INFO - Calculating f1 train score
[ 2023-03-18 14:07:14,116 ] 61 root - INFO - Calculating f1 test score
[ 2023-03-18 14:07:14,117 ] 65 root - INFO - train score:0.862972153294734 and tests score 0.8478500551267916
[ 2023-03-18 14:07:14,117 ] 67 root - INFO - Checking if our model is underfitting or not
[ 2023-03-18 14:07:14,117 ] 72 root - INFO - Checking if our model is overfiiting or not
[ 2023-03-18 14:07:14,118 ] 79 root - INFO - Saving mode object
[ 2023-03-18 14:07:14,118 ] 48 root - INFO - Entered the save_object method of utils
[ 2023-03-18 14:07:14,119 ] 52 root - INFO - Exited the save_object method of utils
[ 2023-03-18 14:07:14,119 ] 83 root - INFO - Prepare the artifact
[ 2023-03-18 14:07:14,120 ] 86 root - INFO - Model trainer artifact: ModelTrainerArtifact(model_path='/config/workspace/artifact/03182023__140711/model_trainer/model/model.pkl', accuracy_train=0.862972153294734, accuracy_test=0.8478500551267916)
[ 2023-03-18 14:07:14,120 ] 20 root - INFO - >>>>>>>>>>>>>>>>>>>>>>>>>>>>>>>>>>>>>>>>  Model Evaluation <<<<<<<<<<<<<<<<<<<<<<<<<<<<<<<<<<<<<<<<
[ 2023-03-18 14:07:14,120 ] 36 root - INFO - if saved model folder has model the we will compare which model is best trained or the model from saved model folder
[ 2023-03-18 14:07:14,120 ] 47 root - INFO - Finding location of transformer model and target encoder
[ 2023-03-18 14:07:14,120 ] 52 root - INFO - Previous trained objects of transformer, model and target encoder
[ 2023-03-18 14:07:14,121 ] 60 root - INFO - Currently trained model objects
[ 2023-03-18 14:07:14,475 ] 78 root - INFO - Accuracy using previous trained model: 0.8224917309812569
[ 2023-03-18 14:07:14,941 ] 87 root - INFO - Accuracy using current trained model: 0.8478500551267916
[ 2023-03-18 14:07:14,941 ] 94 root - INFO - Model eval artifact: ModelEvaluationArtifact(is_model_accepted=True, improved_accuracy=0.025358324145534628)
[ 2023-03-18 14:07:14,941 ] 14 root - INFO - >>>>>>>>>>>>>>>>>>>>>>>>>>>>>>>>>>>>>>>> Data pusher <<<<<<<<<<<<<<<<<<<<<<<<<<<<<<<<<<<<<<<<
[ 2023-03-18 14:07:14,942 ] 25 root - INFO - Loading transformer model and target encoder
[ 2023-03-18 14:07:14,943 ] 31 root - INFO - Saving model into model pusher directory
[ 2023-03-18 14:07:14,943 ] 48 root - INFO - Entered the save_object method of utils
[ 2023-03-18 14:07:14,949 ] 52 root - INFO - Exited the save_object method of utils
[ 2023-03-18 14:07:14,949 ] 48 root - INFO - Entered the save_object method of utils
[ 2023-03-18 14:07:14,950 ] 52 root - INFO - Exited the save_object method of utils
[ 2023-03-18 14:07:14,950 ] 48 root - INFO - Entered the save_object method of utils
[ 2023-03-18 14:07:14,951 ] 52 root - INFO - Exited the save_object method of utils
[ 2023-03-18 14:07:14,951 ] 38 root - INFO - Saving model in saved model dir
[ 2023-03-18 14:07:14,951 ] 48 root - INFO - Entered the save_object method of utils
[ 2023-03-18 14:07:14,956 ] 52 root - INFO - Exited the save_object method of utils
[ 2023-03-18 14:07:14,956 ] 48 root - INFO - Entered the save_object method of utils
[ 2023-03-18 14:07:14,957 ] 52 root - INFO - Exited the save_object method of utils
[ 2023-03-18 14:07:14,957 ] 48 root - INFO - Entered the save_object method of utils
[ 2023-03-18 14:07:14,958 ] 52 root - INFO - Exited the save_object method of utils
[ 2023-03-18 14:07:14,958 ] 49 root - INFO - Model pusher artifact: ModelPusherArtifact(pusher_model_dir='/config/workspace/artifact/03182023__140711/model_pusher/saved_models', saved_model_dir='saved_models')
